<?xml version="1.0" encoding="UTF-8"?>
<!-- Generated by org.testng.reporters.JUnitReportReporter -->
<testsuite hostname="DESKTOP-2880TND" failures="0" tests="1" name="com.api.tests.LoginSuccessTest" time="3.451" errors="0" timestamp="2025-07-11T17:15:52 IST" skipped="0">
  <testcase classname="com.api.tests.LoginSuccessTest" name="loginTest" time="3.451"/>
</testsuite> <!-- com.api.tests.LoginSuccessTest -->
