<?xml version="1.0" encoding="UTF-8"?>
<!-- Generated by org.testng.reporters.JUnitReportReporter -->
<testsuite hostname="DESKTOP-2880TND" failures="0" tests="1" name="com.api.tests.ForgotPasswordTest" time="8.983" errors="0" timestamp="2025-07-11T15:29:12 IST" skipped="0">
  <testcase classname="com.api.tests.ForgotPasswordTest" name="createAccountTest" time="8.983"/>
</testsuite> <!-- com.api.tests.ForgotPasswordTest -->
