<?xml version="1.0" encoding="UTF-8"?>
<!-- Generated by org.testng.reporters.JUnitReportReporter -->
<testsuite hostname="DESKTOP-2880TND" failures="0" tests="1" name="com.api.tests.LoginAPITest3" time="7.135" errors="0" timestamp="2025-07-09T16:41:28 IST" skipped="0">
  <testcase classname="com.api.tests.LoginAPITest3" name="loginTest" time="7.135"/>
</testsuite> <!-- com.api.tests.LoginAPITest3 -->
