<?xml version="1.0" encoding="UTF-8"?>
<!-- Generated by org.testng.reporters.JUnitReportReporter -->
<testsuite hostname="DESKTOP-2880TND" failures="0" tests="1" name="com.api.tests.GetProfileRequestTest" time="4.471" errors="0" timestamp="2025-07-11T16:47:44 IST" skipped="0">
  <testcase classname="com.api.tests.GetProfileRequestTest" name="getProfileInfor" time="4.471"/>
</testsuite> <!-- com.api.tests.GetProfileRequestTest -->
