<?xml version="1.0" encoding="UTF-8"?>
<!-- Generated by org.testng.reporters.JUnitReportReporter -->
<testsuite hostname="DESKTOP-2880TND" failures="0" tests="1" name="com.api.tests.UpdateProfileTest" time="4.736" errors="0" timestamp="2025-07-11T17:12:30 IST" skipped="0">
  <testcase classname="com.api.tests.UpdateProfileTest" name="updateProfileTest" time="4.736"/>
</testsuite> <!-- com.api.tests.UpdateProfileTest -->
