<?xml version="1.0" encoding="UTF-8"?>
<!-- Generated by org.testng.reporters.JUnitReportReporter -->
<testsuite hostname="DESKTOP-2880TND" failures="0" tests="1" name="com.api.tests.LoginAPITest2" time="3.735" errors="0" timestamp="2025-07-08T14:03:37 IST" skipped="0">
  <testcase classname="com.api.tests.LoginAPITest2" name="loginTest" time="3.735"/>
</testsuite> <!-- com.api.tests.LoginAPITest2 -->
